# JRE version: OpenJDK Runtime Environment (8.0_152-b01) (build 1.8.0_152-release-1343-b01)
# Java VM: OpenJDK 64-Bit Server VM (25.152-b01 mixed mode windows-amd64 compressed oops)
Heap:
 PSYoungGen      total 405504K, used 181358K [0x00000000e0000000, 0x00000000fe500000, 0x0000000100000000)
  eden space 314368K, 39% used [0x00000000e0000000,0x00000000e7820a38,0x00000000f3300000)
  from space 91136K, 64% used [0x00000000f8c00000,0x00000000fc4fb180,0x00000000fe500000)
  to   space 43008K, 0% used [0x00000000f3e80000,0x00000000f3e80000,0x00000000f6880000)
 ParOldGen       total 283136K, used 225215K [0x00000000a0000000, 0x00000000b1480000, 0x00000000e0000000)
  object space 283136K, 79% used [0x00000000a0000000,0x00000000adbefca8,0x00000000b1480000)
 Metaspace       used 120197K, capacity 127116K, committed 127232K, reserved 1159168K
  class space    used 15194K, capacity 16623K, committed 16640K, reserved 1048576K
GC Heap History (10 events):
Event: 2300.778 GC heap before
{Heap before GC invocations=28 (full 4):
 PSYoungGen      total 405504K, used 405481K [0x00000000e0000000, 0x0000000100000000, 0x0000000100000000)
  eden space 340992K, 100% used [0x00000000e0000000,0x00000000f4d00000,0x00000000f4d00000)
  from space 64512K, 99% used [0x00000000f4d00000,0x00000000f8bfa690,0x00000000f8c00000)
  to   space 96768K, 0% used [0x00000000fa180000,0x00000000fa180000,0x0000000100000000)
 ParOldGen       total 283136K, used 225175K [0x00000000a0000000, 0x00000000b1480000, 0x00000000e0000000)
  object space 283136K, 79% used [0x00000000a0000000,0x00000000adbe5ca8,0x00000000b1480000)
 Metaspace       used 117521K, capacity 123316K, committed 123392K, reserved 1157120K
  class space    used 14954K, capacity 16123K, committed 16128K, reserved 1048576K
Event: 2300.858 GC heap after
Heap after GC invocations=28 (full 4):
 PSYoungGen      total 418304K, used 66755K [0x00000000e0000000, 0x0000000100000000, 0x0000000100000000)
  eden space 321536K, 0% used [0x00000000e0000000,0x00000000e0000000,0x00000000f3a00000)
  from space 96768K, 68% used [0x00000000fa180000,0x00000000fe2b0d58,0x0000000100000000)
  to   space 101376K, 0% used [0x00000000f3a00000,0x00000000f3a00000,0x00000000f9d00000)
 ParOldGen       total 283136K, used 225183K [0x00000000a0000000, 0x00000000b1480000, 0x00000000e0000000)
  object space 283136K, 79% used [0x00000000a0000000,0x00000000adbe7ca8,0x00000000b1480000)
 Metaspace       used 117521K, capacity 123316K, committed 123392K, reserved 1157120K
  class space    used 14954K, capacity 16123K, committed 16128K, reserved 1048576K
}
Event: 2426.097 GC heap before
{Heap before GC invocations=29 (full 4):
 PSYoungGen      total 418304K, used 388291K [0x00000000e0000000, 0x0000000100000000, 0x0000000100000000)
  eden space 321536K, 100% used [0x00000000e0000000,0x00000000f3a00000,0x00000000f3a00000)
  from space 96768K, 68% used [0x00000000fa180000,0x00000000fe2b0d58,0x0000000100000000)
  to   space 101376K, 0% used [0x00000000f3a00000,0x00000000f3a00000,0x00000000f9d00000)
 ParOldGen       total 283136K, used 225183K [0x00000000a0000000, 0x00000000b1480000, 0x00000000e0000000)
  object space 283136K, 79% used [0x00000000a0000000,0x00000000adbe7ca8,0x00000000b1480000)
 Metaspace       used 118277K, capacity 124476K, committed 124672K, reserved 1157120K
  class space    used 15037K, capacity 16285K, committed 16384K, reserved 1048576K
Event: 2426.220 GC heap after
Heap after GC invocations=29 (full 4):
 PSYoungGen      total 365568K, used 43609K [0x00000000e0000000, 0x00000000ffa80000, 0x0000000100000000)
  eden space 321536K, 0% used [0x00000000e0000000,0x00000000e0000000,0x00000000f3a00000)
  from space 44032K, 99% used [0x00000000f3a00000,0x00000000f6496480,0x00000000f6500000)
  to   space 96256K, 0% used [0x00000000f9c80000,0x00000000f9c80000,0x00000000ffa80000)
 ParOldGen       total 283136K, used 225191K [0x00000000a0000000, 0x00000000b1480000, 0x00000000e0000000)
  object space 283136K, 79% used [0x00000000a0000000,0x00000000adbe9ca8,0x00000000b1480000)
 Metaspace       used 118277K, capacity 124476K, committed 124672K, reserved 1157120K
  class space    used 15037K, capacity 16285K, committed 16384K, reserved 1048576K
}
Event: 2448.258 GC heap before
{Heap before GC invocations=30 (full 4):
 PSYoungGen      total 365568K, used 365145K [0x00000000e0000000, 0x00000000ffa80000, 0x0000000100000000)
  eden space 321536K, 100% used [0x00000000e0000000,0x00000000f3a00000,0x00000000f3a00000)
  from space 44032K, 99% used [0x00000000f3a00000,0x00000000f6496480,0x00000000f6500000)
  to   space 96256K, 0% used [0x00000000f9c80000,0x00000000f9c80000,0x00000000ffa80000)
 ParOldGen       total 283136K, used 225191K [0x00000000a0000000, 0x00000000b1480000, 0x00000000e0000000)
  object space 283136K, 79% used [0x00000000a0000000,0x00000000adbe9ca8,0x00000000b1480000)
 Metaspace       used 119182K, capacity 125854K, committed 126080K, reserved 1159168K
  class space    used 15137K, capacity 16500K, committed 16512K, reserved 1048576K
Event: 2448.320 GC heap after
Heap after GC invocations=30 (full 4):
 PSYoungGen      total 422400K, used 56340K [0x00000000e0000000, 0x0000000100000000, 0x0000000100000000)
  eden space 326144K, 0% used [0x00000000e0000000,0x00000000e0000000,0x00000000f3e80000)
  from space 96256K, 58% used [0x00000000f9c80000,0x00000000fd3852d0,0x00000000ffa80000)
  to   space 96256K, 0% used [0x00000000f3e80000,0x00000000f3e80000,0x00000000f9c80000)
 ParOldGen       total 283136K, used 225199K [0x00000000a0000000, 0x00000000b1480000, 0x00000000e0000000)
  object space 283136K, 79% used [0x00000000a0000000,0x00000000adbebca8,0x00000000b1480000)
 Metaspace       used 119182K, capacity 125854K, committed 126080K, reserved 1159168K
  class space    used 15137K, capacity 16500K, committed 16512K, reserved 1048576K
}
Event: 2484.233 GC heap before
{Heap before GC invocations=31 (full 4):
 PSYoungGen      total 422400K, used 382484K [0x00000000e0000000, 0x0000000100000000, 0x0000000100000000)
  eden space 326144K, 100% used [0x00000000e0000000,0x00000000f3e80000,0x00000000f3e80000)
  from space 96256K, 58% used [0x00000000f9c80000,0x00000000fd3852d0,0x00000000ffa80000)
  to   space 96256K, 0% used [0x00000000f3e80000,0x00000000f3e80000,0x00000000f9c80000)
 ParOldGen       total 283136K, used 225199K [0x00000000a0000000, 0x00000000b1480000, 0x00000000e0000000)
  object space 283136K, 79% used [0x00000000a0000000,0x00000000adbebca8,0x00000000b1480000)
 Metaspace       used 119539K, capacity 126248K, committed 126464K, reserved 1159168K
  class space    used 15157K, capacity 16527K, committed 16640K, reserved 1048576K
Event: 2484.287 GC heap after
Heap after GC invocations=31 (full 4):
 PSYoungGen      total 357376K, used 42529K [0x00000000e0000000, 0x00000000fe500000, 0x0000000100000000)
  eden space 314368K, 0% used [0x00000000e0000000,0x00000000e0000000,0x00000000f3300000)
  from space 43008K, 98% used [0x00000000f3e80000,0x00000000f68086f8,0x00000000f6880000)
  to   space 91136K, 0% used [0x00000000f8c00000,0x00000000f8c00000,0x00000000fe500000)
 ParOldGen       total 283136K, used 225207K [0x00000000a0000000, 0x00000000b1480000, 0x00000000e0000000)
  object space 283136K, 79% used [0x00000000a0000000,0x00000000adbedca8,0x00000000b1480000)
 Metaspace       used 119539K, capacity 126248K, committed 126464K, reserved 1159168K
  class space    used 15157K, capacity 16527K, committed 16640K, reserved 1048576K
}
Event: 2501.290 GC heap before
{Heap before GC invocations=32 (full 4):
 PSYoungGen      total 357376K, used 356897K [0x00000000e0000000, 0x00000000fe500000, 0x0000000100000000)
  eden space 314368K, 100% used [0x00000000e0000000,0x00000000f3300000,0x00000000f3300000)
  from space 43008K, 98% used [0x00000000f3e80000,0x00000000f68086f8,0x00000000f6880000)
  to   space 91136K, 0% used [0x00000000f8c00000,0x00000000f8c00000,0x00000000fe500000)
 ParOldGen       total 283136K, used 225207K [0x00000000a0000000, 0x00000000b1480000, 0x00000000e0000000)
  object space 283136K, 79% used [0x00000000a0000000,0x00000000adbedca8,0x00000000b1480000)
 Metaspace       used 119991K, capacity 126952K, committed 126976K, reserved 1159168K
  class space    used 15191K, capacity 16617K, committed 16640K, reserved 1048576K
Event: 2501.644 GC heap after
Heap after GC invocations=32 (full 4):
 PSYoungGen      total 405504K, used 58348K [0x00000000e0000000, 0x00000000fe500000, 0x0000000100000000)
  eden space 314368K, 0% used [0x00000000e0000000,0x00000000e0000000,0x00000000f3300000)
  from space 91136K, 64% used [0x00000000f8c00000,0x00000000fc4fb180,0x00000000fe500000)
  to   space 43008K, 0% used [0x00000000f3e80000,0x00000000f3e80000,0x00000000f6880000)
 ParOldGen       total 283136K, used 225215K [0x00000000a0000000, 0x00000000b1480000, 0x00000000e0000000)
  object space 283136K, 79% used [0x00000000a0000000,0x00000000adbefca8,0x00000000b1480000)
 Metaspace       used 119991K, capacity 126952K, committed 126976K, reserved 1159168K
  class space    used 15191K, capacity 16617K, committed 16640K, reserved 1048576K
}

